[MHPI_DL_ERROR]./simv: undefined symbol: mhpi_skipFileReset
[MHPI_DL_ERROR]./simv: undefined symbol: mhpi_addCheckpointFileCB
ANF: vcsd_get_spice_hier_by_vpi(dlerror='./simv: undefined symbol: vcsd_get_spice_hier_by_vpi')
ANF: tf_register_processrestart(dlerror='./simv: undefined symbol: tf_register_processrestart')
ANF: vcsd_has_any_dynamic_dim(dlerror='./simv: undefined symbol: vcsd_has_any_dynamic_dim')
ANF: vcsd_is_low_power_assertion_checker(dlerror='./simv: undefined symbol: vcsd_is_low_power_assertion_checker')
ANF: vcsd_get_power_scope_name(dlerror='./simv: undefined symbol: vcsd_get_power_scope_name')
ANF: vcsd_dump_network(dlerror='./simv: undefined symbol: vcsd_dump_network')
ANF: vcsd_register_openSignatureData(dlerror='./simv: undefined symbol: vcsd_register_openSignatureData')
ANF: vcsd_flush_SignatureData(dlerror='./simv: undefined symbol: vcsd_flush_SignatureData')
ANF: vcsd_close_SignatureData(dlerror='./simv: undefined symbol: vcsd_close_SignatureData')
ANF: vcsd_node_check_initial_force(dlerror='./simv: undefined symbol: vcsd_node_check_initial_force')
ANF: vcsd_node_check_callback(dlerror='./simv: undefined symbol: vcsd_node_check_callback')
ANF: vcsd_node_register_callback(dlerror='./simv: undefined symbol: vcsd_node_register_callback')
ANF: vcsd_node_remove_callback(dlerror='./simv: undefined symbol: vcsd_node_remove_callback')
ANF: vcsd_node_varInfo(dlerror='./simv: undefined symbol: vcsd_node_varInfo')
ANF: vcsd_node_Ei_Cn_Fn(dlerror='./simv: undefined symbol: vcsd_node_Ei_Cn_Fn')
ANF: vcsd_get_max_Fn(dlerror='./simv: undefined symbol: vcsd_get_max_Fn')
ANF: vcsd_node_value_pointer(dlerror='./simv: undefined symbol: vcsd_node_value_pointer')
ANF: vcsd_free_value_pointer(dlerror='./simv: undefined symbol: vcsd_free_value_pointer')
ANF: vcsd_value_pointer_to_fhdb_value(dlerror='./simv: undefined symbol: vcsd_value_pointer_to_fhdb_value')
ANF: vcsd_remove_all_callback(dlerror='./simv: undefined symbol: vcsd_remove_all_callback')
ANF: vcsd_check_secondary_initDeposit(dlerror='./simv: undefined symbol: vcsd_check_secondary_initDeposit')
ANF: vcsd_register_forceVcsBoundary(dlerror='./simv: undefined symbol: vcsd_register_forceVcsBoundary')
ANF: vcsd_register_forceSecondary(dlerror='./simv: undefined symbol: vcsd_register_forceSecondary')
ANF: vcsd_register_dumpRoot(dlerror='./simv: undefined symbol: vcsd_register_dumpRoot')
ANF: vcsd_register_addNewMaster(dlerror='./simv: undefined symbol: vcsd_register_addNewMaster')
ANF: vcsd_register_assignSlaveToNewMaster(dlerror='./simv: undefined symbol: vcsd_register_assignSlaveToNewMaster')
ANF: vcsd_register_1st_rfn_cbk(dlerror='./simv: undefined symbol: vcsd_register_1st_rfn_cbk')
ANF: vcsd_register_2nd_rfn_cbk(dlerror='./simv: undefined symbol: vcsd_register_2nd_rfn_cbk')
ANF: vcsd_is_boundary(dlerror='./simv: undefined symbol: vcsd_is_boundary')
ANF: vcsd_register_1st_non_network(dlerror='./simv: undefined symbol: vcsd_register_1st_non_network')
ANF: vcsd_register_1st_primary_master(dlerror='./simv: undefined symbol: vcsd_register_1st_primary_master')
ANF: vcsd_register_1st_primary_slave(dlerror='./simv: undefined symbol: vcsd_register_1st_primary_slave')
ANF: vcsd_register_1st_secondary_master_confirm(dlerror='./simv: undefined symbol: vcsd_register_1st_secondary_master_confirm')
ANF: vcsd_register_1st_secondary_master_defer(dlerror='./simv: undefined symbol: vcsd_register_1st_secondary_master_defer')
ANF: vcsd_register_1st_secondary_slave_masterConfirmedSecondary(dlerror='./simv: undefined symbol: vcsd_register_1st_secondary_slave_masterConfirmedSecondary')
ANF: vcsd_register_1st_secondary_slave_masterDeferredSecondary(dlerror='./simv: undefined symbol: vcsd_register_1st_secondary_slave_masterDeferredSecondary')
ANF: vcsd_dump_var_vpdg(dlerror='./simv: undefined symbol: vcsd_dump_var_vpdg')
ANF: vcsd_register_2nd_secondary_master_remainSecondary(dlerror='./simv: undefined symbol: vcsd_register_2nd_secondary_master_remainSecondary')
ANF: vcsd_register_2nd_secondary_master_becomePrimary(dlerror='./simv: undefined symbol: vcsd_register_2nd_secondary_master_becomePrimary')
ANF: vcsd_second_traverse(dlerror='./simv: undefined symbol: vcsd_second_traverse')
ANF: vcsd_begin_no_value_var_info(dlerror='./simv: undefined symbol: vcsd_begin_no_value_var_info')
ANF: vcsd_end_no_value_var_info(dlerror='./simv: undefined symbol: vcsd_end_no_value_var_info')
ANF: vcsd_get_value_ptr(dlerror='./simv: undefined symbol: vcsd_get_value_ptr')
ANF: vcsd_get_value_type_from_value_ptr(dlerror='./simv: undefined symbol: vcsd_get_value_type_from_value_ptr')
ANF: vcsd_mem_value_pointer_to_fhdb_value(dlerror='./simv: undefined symbol: vcsd_mem_value_pointer_to_fhdb_value')
ANF: vcsd_is_nettype_array_value_ptr(dlerror='./simv: undefined symbol: vcsd_is_nettype_array_value_ptr')
ANF: vcs_get_v2v_id_for_verdi(dlerror='./simv: undefined symbol: vcs_get_v2v_id_for_verdi')
ANF: scsd_xprop_is_enabled(dlerror='./simv: undefined symbol: scsd_xprop_is_enabled')
ANF: scsd_xprop_sig_is_promoted(dlerror='./simv: undefined symbol: scsd_xprop_sig_is_promoted')
ANF: scsd_xprop_int_xvalue(dlerror='./simv: undefined symbol: scsd_xprop_int_xvalue')
ANF: scsd_xprop_bool_xvalue(dlerror='./simv: undefined symbol: scsd_xprop_bool_xvalue')
ANF: scsd_xprop_enum_xvalue(dlerror='./simv: undefined symbol: scsd_xprop_enum_xvalue')
ANF: msvEnableDumpingMode(dlerror='./simv: undefined symbol: msvEnableDumpingMode')
ANF: msvIsSpiceEngineReady(dlerror='./simv: undefined symbol: msvIsSpiceEngineReady')
ANF: msvSetAddProbeCallback(dlerror='./simv: undefined symbol: msvSetAddProbeCallback')
ANF: msvGetInstHandle(dlerror='./simv: undefined symbol: msvGetInstHandle')
ANF: msvGetProbeByInst(dlerror='./simv: undefined symbol: msvGetProbeByInst')
ANF: msvGetSigHandle(dlerror='./simv: undefined symbol: msvGetSigHandle')
ANF: msvGetProbeBySig(dlerror='./simv: undefined symbol: msvGetProbeBySig')
ANF: msvGetProbeInfo(dlerror='./simv: undefined symbol: msvGetProbeInfo')
ANF: msvRelease(dlerror='./simv: undefined symbol: msvRelease')
ANF: msvSetVcCallbackFunc(dlerror='./simv: undefined symbol: msvSetVcCallbackFunc')
ANF: msvCheckVcCallback(dlerror='./simv: undefined symbol: msvCheckVcCallback')
ANF: msvAddVcCallback(dlerror='./simv: undefined symbol: msvAddVcCallback')
ANF: msvRemoveVcCallback(dlerror='./simv: undefined symbol: msvRemoveVcCallback')
ANF: msvGetLatestValue(dlerror='./simv: undefined symbol: msvGetLatestValue')
ANF: msvSetEndofSimCallback(dlerror='./simv: undefined symbol: msvSetEndofSimCallback')
ANF: PI_ace_get_output_time_unit(dlerror='./simv: undefined symbol: PI_ace_get_output_time_unit')
ANF: PI_ace_sim_sync(dlerror='./simv: undefined symbol: PI_ace_sim_sync')
Chronologic Simulation VCS Release I-2014.03_Full64
Linux 2.6.32-573.el6.x86_64 #1 SMP Wed Jul 1 18:23:37 EDT 2015 x86_64
CPU cores: 2
Limit information:
======================================
cputime			unlimited
filesize		unlimited
datasize		unlimited
stacksize		10240 kbytes
coredumpsize	0 kbytes
memoryuse		unlimited
vmemoryuse		unlimited
descriptors		1024
memorylocked	64 kbytes
maxproc			1024
======================================
(Special)Runtime environment variables:

Runtime environment variables:
DFT_HOME=/opt/Mentor/Tessent2013/
ORBIT_SOCKETDIR=/tmp/orbit-IC
HOSTNAME=IC
IMSETTINGS_INTEGRATE_DESKTOP=yes
NOVAS_HOME=/opt/Synopsys/Verdi2015
SHELL=/bin/bash
Synopsys_Dir=/opt/Synopsys
TERM=xterm
HISTSIZE=1000
XDG_SESSION_COOKIE=a0bfd28e837df0a07240a6770000000b-1555808034.682632-838648706
Concept_dir=/opt/Concept
Laker_HOME=/opt/Synopsys/Laker_OA2015
GTK_RC_FILES=/etc/gtk/gtkrc:/home/IC/.gtkrc-1.2-gnome2
CDS_LOAD_ENV=CSF
WINDOWID=50340390
QTDIR=/usr/lib64/qt-3.3
QTINC=/usr/lib64/qt-3.3/include
CALIBRE_2013_4_ALLOW_IXL_ON_RHEL6=101010
IMSETTINGS_MODULE=IBus
USER=IC
LS_COLORS=rs=0:di=01;34:ln=01;36:mh=00:pi=40;33:so=01;35:do=01;35:bd=40;33;01:cd=40;33;01:or=40;31;01:mi=01;05;37;41:su=37;41:sg=30;43:ca=30;41:tw=30;42:ow=34;42:st=37;44:ex=01;32:*.tar=01;31:*.tgz=01;31:*.arj=01;31:*.taz=01;31:*.lzh=01;31:*.lzma=01;31:*.tlz=01;31:*.txz=01;31:*.zip=01;31:*.z=01;31:*.Z=01;31:*.dz=01;31:*.gz=01;31:*.lz=01;31:*.xz=01;31:*.bz2=01;31:*.tbz=01;31:*.tbz2=01;31:*.bz=01;31:*.tz=01;31:*.deb=01;31:*.rpm=01;31:*.jar=01;31:*.rar=01;31:*.ace=01;31:*.zoo=01;31:*.cpio=01;31:*.7z=01;31:*.rz=01;31:*.jpg=01;35:*.jpeg=01;35:*.gif=01;35:*.bmp=01;35:*.pbm=01;35:*.pgm=01;35:*.ppm=01;35:*.tga=01;35:*.xbm=01;35:*.xpm=01;35:*.tif=01;35:*.tiff=01;35:*.png=01;35:*.svg=01;35:*.svgz=01;35:*.mng=01;35:*.pcx=01;35:*.mov=01;35:*.mpg=01;35:*.mpeg=01;35:*.m2v=01;35:*.mkv=01;35:*.ogm=01;35:*.mp4=01;35:*.m4v=01;35:*.mp4v=01;35:*.vob=01;35:*.qt=01;35:*.nuv=01;35:*.wmv=01;35:*.asf=01;35:*.rm=01;35:*.rmvb=01;35:*.flc=01;35:*.avi=01;35:*.fli=01;35:*.flv=01;35:*.gl=01;35:*.dl=01;35:*.xcf=01;35:*.xwd=01;35:*.yuv=01;35:*.cgm=01;35:*.emf=01;35:*.axv=01;35:*.anx=01;35:*.ogv=01;35:*.ogx=01;35:*.aac=01;36:*.au=01;36:*.flac=01;36:*.mid=01;36:*.midi=01;36:*.mka=01;36:*.mp3=01;36:*.mpc=01;36:*.ogg=01;36:*.ra=01;36:*.wav=01;36:*.axa=01;36:*.oga=01;36:*.spx=01;36:*.xspf=01;36:
LD_LIBRARY_PATH=/opt/KeySight/ADS2015/lib/linux_x86_64:/opt/KeySight/ADS2015/adsptolemy/lib.linux_x86_64:/opt/KeySight/ADS2015/lib/linux_x86:/opt/KeySight/ADS2015/adsptolemy/lib.linux_x86:/opt/KeySight/ADS2015/lib/linux_x86_64:/opt/KeySight/ADS2015/adsptolemy/lib.linux_x86_64:/opt/KeySight/ADS2015/lib/linux_x86:/opt/KeySight/ADS2015/adsptolemy/lib.linux_x86:
Formality_HOME=/opt/Synopsys/Formality2016
ADS_HOME=/opt/KeySight/ADS2015
NOVAS_PLI=/opt/Synopsys/Verdi2015/share/PLI/VCS/LINUX64
GNOME_KEYRING_SOCKET=/tmp/keyring-eZcBdz/socket
SSH_AUTH_SOCK=/tmp/keyring-eZcBdz/socket.ssh
SESSION_MANAGER=local/unix:@/tmp/.ICE-unix/3276,unix/unix:/tmp/.ICE-unix/3276
USERNAME=IC
SNPSLMD_LICENSE_FILE=/opt/Synopsys/License/License.dat:/opt/Synopsys/VCS2014/flexlm//license.dat
Hspice_HOME=/opt/Synopsys/Hspice2016
Synplify_HOME=/opt/Synopsys/Synplify2015
Virtuoso_HOME=/opt/Cadence/IC617
Incisive_HOME=/opt/Cadence/Incisive14/
PATH=/opt/KeySight/ADS2015/bin:/opt/Concept/Symutils/linux23.x86_64:/opt/Concept/SpiceVision:/opt/Concept/SGvision:/opt/Concept/RTLvision:/opt/Concept/Gatevision:/opt/Mentor/Calibre2015/ixl_cal_2015.4_16.11/bin:/opt/Mentor/Tessent2013//bin:/opt/Mentor/ModelSim/modeltech/linux:/opt/Cadence/INNOVUS15/bin:/opt/Cadence/RC11/bin:/opt/Cadence/Incisive14//tools/bin:/opt/Cadence/MMSIM15/tools/spectre/bin:/opt/Cadence/MMSIM15/tools/dfII/bin:/opt/Cadence/MMSIM15/tools/bin:/opt/Cadence/MMSIM15/bin:/opt/Cadence/IC617/tools/plot/bin:/opt/Cadence/IC617/tools/iccraft/bin:/opt/Cadence/IC617/tools/dracula/bin:/opt/Cadence/IC617/tools/dfII/bin:/opt/Cadence/IC617/tools/bin:/opt/Cadence/IC617/share/bin:/opt/Synopsys/Verdi2015/bin:/opt/Synopsys/Synplify2015/bin:/opt/Synopsys/StarRC2015/bin:/opt/Synopsys/PrimeTime2015/bin:/opt/Synopsys/Laker_OA2015/bin:/opt/Synopsys/ICC2016/bin:/opt/Synopsys/Hspice2016/hspice/bin:/opt/Synopsys/Formality2016/bin:/opt/Synopsys/SCL11.11/linux64/bin:/opt/KeySight/ADS2015/bin:/opt/Concept/Symutils/linux23.x86_64:/opt/Concept/SpiceVision:/opt/Concept/SGvision:/opt/Concept/RTLvision:/opt/Concept/Gatevision:/opt/Mentor/Calibre2015/ixl_cal_2015.4_16.11/bin:/opt/Mentor/Tessent2013//bin:/opt/Mentor/ModelSim/modeltech/linux:/opt/Cadence/INNOVUS15/bin:/opt/Cadence/RC11/bin:/opt/Cadence/Incisive14//tools/bin:/opt/Cadence/MMSIM15/tools/spectre/bin:/opt/Cadence/MMSIM15/tools/dfII/bin:/opt/Cadence/MMSIM15/tools/bin:/opt/Cadence/MMSIM15/bin:/opt/Cadence/IC617/tools/plot/bin:/opt/Cadence/IC617/tools/iccraft/bin:/opt/Cadence/IC617/tools/dracula/bin:/opt/Cadence/IC617/tools/dfII/bin:/opt/Cadence/IC617/tools/bin:/opt/Cadence/IC617/share/bin:/opt/Synopsys/Verdi2015/bin:/opt/Synopsys/VCS2014/bin:/opt/Synopsys/Synplify2015/bin:/opt/Synopsys/StarRC2015/bin:/opt/Synopsys/PrimeTime2015/bin:/opt/Synopsys/Laker_OA2015/bin:/opt/Synopsys/ICC2016/bin:/opt/Synopsys/Hspice2016/hspice/bin:/opt/Synopsys/Formality2016/bin:/opt/Synopsys/SCL11.11/linux64/bin:/usr/lib64/qt-3.3/bin:/usr/local/bin:/usr/bin:/bin:/usr/local/sbin:/usr/sbin:/sbin:/home/IC/bin
MAIL=/var/spool/mail/IC
DESKTOP_SESSION=gnome
QT_IM_MODULE=ibus
Verdi_HOME=/opt/Synopsys/Verdi2015
PrimeTime_HOME=/opt/Synopsys/PrimeTime2015
CALIBRE_HOME=/opt/Mentor/Calibre2015/ixl_cal_2015.4_16.11
PWD=/home/IC/project/4bit_count_async_reset/sim
Cadence_Dir=/opt/Cadence
XMODIFIERS=@im=ibus
VCS_HOME=/opt/Synopsys/VCS2014
GDM_KEYBOARD_LAYOUT=us
LANG=en_US.UTF-8
GNOME_KEYRING_PID=3264
GDM_LANG=en_US.UTF-8
AGILEESOFD_LICENSE_FILE=/opt/KeySight/ADS2015/License/license.lic
OA_HOME=/opt/Cadence/IC617/oa_v22.50.043
ICC_HOME=/opt/Synopsys/ICC2016
GDMSESSION=gnome
LM_LICENSE_FILE=/opt/Concept/License/License.dat
CDS_Netlisting_Mode=Digital
HISTCONTROL=ignoredups
SSH_ASKPASS=/usr/libexec/openssh/gnome-ssh-askpass
Encounter_HOME=/opt/Cadence/INNOVUS15
HOME=/home/IC
SHLVL=2
MGC_HOME=/opt/Mentor/Calibre2015/ixl_cal_2015.4_16.11
GNOME_DESKTOP_SESSION_ID=this-is-deprecated
MDS_HOME=/opt/Mentor/ModelSim/modeltech/bin:/opt/Cadence/INNOVUS15/bin:/opt/Cadence/RC11/bin:/opt/Cadence/Incisive14//tools/bin:/opt/Cadence/MMSIM15/tools/spectre/bin:/opt/Cadence/MMSIM15/tools/dfII/bin:/opt/Cadence/MMSIM15/tools/bin:/opt/Cadence/MMSIM15/bin:/opt/Cadence/IC617/tools/plot/bin:/opt/Cadence/IC617/tools/iccraft/bin:/opt/Cadence/IC617/tools/dracula/bin:/opt/Cadence/IC617/tools/dfII/bin:/opt/Cadence/IC617/tools/bin:/opt/Cadence/IC617/share/bin:/opt/Synopsys/Verdi2015/bin:/opt/Synopsys/Synplify2015/bin:/opt/Synopsys/StarRC2015/bin:/opt/Synopsys/PrimeTime2015/bin:/opt/Synopsys/Laker_OA2015/bin:/opt/Synopsys/ICC2016/bin:/opt/Synopsys/Hspice2016/hspice/bin:/opt/Synopsys/Formality2016/bin:/opt/Synopsys/SCL11.11/linux64/bin:/opt/KeySight/ADS2015/bin:/opt/Concept/Symutils/linux23.x86_64:/opt/Concept/SpiceVision:/opt/Concept/SGvision:/opt/Concept/RTLvision:/opt/Concept/Gatevision:/opt/Mentor/Calibre2015/ixl_cal_2015.4_16.11/bin:/opt/Mentor/Tessent2013//bin:/opt/Mentor/ModelSim/modeltech/linux:/opt/Cadence/INNOVUS15/bin:/opt/Cadence/RC11/bin:/opt/Cadence/Incisive14//tools/bin:/opt/Cadence/MMSIM15/tools/spectre/bin:/opt/Cadence/MMSIM15/tools/dfII/bin:/opt/Cadence/MMSIM15/tools/bin:/opt/Cadence/MMSIM15/bin:/opt/Cadence/IC617/tools/plot/bin:/opt/Cadence/IC617/tools/iccraft/bin:/opt/Cadence/IC617/tools/dracula/bin:/opt/Cadence/IC617/tools/dfII/bin:/opt/Cadence/IC617/tools/bin:/opt/Cadence/IC617/share/bin:/opt/Synopsys/Verdi2015/bin:/opt/Synopsys/VCS2014/bin:/opt/Synopsys/Synplify2015/bin:/opt/Synopsys/StarRC2015/bin:/opt/Synopsys/PrimeTime2015/bin:/opt/Synopsys/Laker_OA2015/bin:/opt/Synopsys/ICC2016/bin:/opt/Synopsys/Hspice2016/hspice/bin:/opt/Synopsys/Formality2016/bin:/opt/Synopsys/SCL11.11/linux64/bin:/usr/lib64/qt-3.3/bin:/usr/local/bin:/usr/bin:/bin:/usr/local/sbin:/usr/sbin:/sbin:/home/IC/bin
CDS_AUTO_64BIT=ALL
LOGNAME=IC
Mentor_Dir=/opt/Mentor
QTLIB=/usr/lib64/qt-3.3/lib
CVS_RSH=ssh
MGLS_LICENSE_FILE=/opt/Mentor/License/License.dat
DBUS_SESSION_BUS_ADDRESS=unix:abstract=/tmp/dbus-7C2dfV32ec,guid=9f2b025c338e68bdab206ee20000002a
CDS_LIC_FILE=/opt/Cadence/License/License.dat
LESSOPEN=||/usr/bin/lesspipe.sh %s
SCL_HOME=/opt/Synopsys/SCL11.11
WINDOWPATH=1
DISPLAY=:0.0
MMSIM_HOME=/opt/Cadence/MMSIM15
StarRC_HOME=/opt/Synopsys/StarRC2015
RC_HOME=/opt/Cadence/RC11
G_BROKEN_FILENAMES=1
COLORTERM=gnome-terminal
XAUTHORITY=/var/run/gdm/auth-for-IC-l0ArUE/database
_=./simv
OLDPWD=/home/IC/project/4bit_count_async_reset
VCS_PATHMAP_PRELOAD_DONE=1
LC_ALL=C
DVE=/opt/Synopsys/VCS2014/gui/dve
TCLLIBPATH=/tmp/auxx/tcllib/lib/tcl8.4
SPECMAN_OUTPUT_TO_TTY=1
Runtime command line arguments:
argv[0]=./simv
180 profile - 100
          CPU/Mem usage: 9.360 sys,  5.580 user,  234.61M sys,  0.00M vm
181 VC callback profile - scalar:0 vector:0
182 Mon May  6 23:55:36 2019
183 pliAppInit
184 *Verdi3* : Enable Parallel Dumping.
185 [MHPI_DL_ERROR]./simv: undefined symbol: mhpi_skipFileReset
186 [MHPI_DL_ERROR]./simv: undefined symbol: mhpi_addCheckpointFileCB
187 pliAppMiscSet: New Sim Round
188 pliEntryInit
189 LIBSSCORE=found /opt/Synopsys/Verdi2015/share/PLI/lib/LINUXAMD64/libsscore_vcs201403.so through $NOVAS_HOME setting.
190 FSDB Dumper for VCS, Release Verdi3_K-2015.09-SP1-1, Linux x86_64/64bit, 01/21/2016
191 (C) 1996 - 2016 by Synopsys, Inc.
192 sps_call_fsdbDumpfile at 0 : ../tb/tb.v(49)
193 argv[0]: tb.fsdb
194 *Verdi3* : Create FSDB file 'tb.fsdb'
195 sps_call_fsdbDumpvars at 0 : ../tb/tb.v(50)
196 *Verdi3* : Begin traversing the scopes, layer (0).
197 *Verdi3* : End of traversing.
198 fsdbDumpvars traverse var: profile - 
          CPU/Mem usage: 11.390 sys,  6.200 user,  379.67M sys,  0.00M vm
                   incr: 0.790 sys,  0.150 user,  3.19M sys,  0.00M vm
                   accu: 0.790 sys,  0.150 user,  3.19M sys,  0.00M vm
              accu incr: 0.790 sys,  0.150 user,  3.19M sys,  0.00M vm

          Count usage: 6 var,  3 idcode,  3 callback
                 incr: 6 var,  3 idcode,  3 callback
                 accu: 6 var,  3 idcode,  3 callback
            accu incr: 6 var,  3 idcode,  3 callback
199 VC callback profile - scalar:0 vector:0
200 Mon May  6 23:55:39 2019
201 fsdbDumpvars: profile - 
          CPU/Mem usage: 11.430 sys,  6.220 user,  380.72M sys,  0.00M vm
                   incr: 0.040 sys,  0.020 user,  1.05M sys,  0.00M vm
                   accu: 0.830 sys,  0.170 user,  4.25M sys,  0.00M vm
              accu incr: 0.040 sys,  0.020 user,  1.05M sys,  0.00M vm

          Count usage: 6 var,  3 idcode,  3 callback
                 incr: 0 var,  0 idcode,  0 callback
                 accu: 6 var,  3 idcode,  3 callback
            accu incr: 0 var,  0 idcode,  0 callback
202 VC callback profile - scalar:4 vector:2
203 Mon May  6 23:55:39 2019
204 End of simulation at 5000
205 VC callback profile - scalar:1004 vector:403
206 Mon May  6 23:55:40 2019
207 Parallel profile    -  Flush:3 ProduceWait:0 ConsumerWait:0 BlockUsed:0
208                        ProduceTime:18.693839763 ConsumerTime:0.000000000
209 SimExit
210 Sim process exit
